<?xml version="1.0" encoding="UTF-8"?>
<testsuite xmlns:xsi="http://www.w3.org/2001/XMLSchema-instance" xsi:noNamespaceSchemaLocation="https://maven.apache.org/surefire/maven-surefire-plugin/xsd/surefire-test-report.xsd" name="runner.TestRunner" time="21.758" tests="5" errors="0" skipped="0" failures="2">
  <properties>
[...]
</properties>
  <testcase name="Login existent user." classname="Challenge | Automation | UI Only" time="2.854"/>
  <testcase name="Login locked out user." classname="Challenge | Automation | UI Only" time="1.881"/>
  <testcase name="Login non existent user." classname="Challenge | Automation | UI Only" time="1.797"/>
  <testcase name="Login performance glitch user." classname="Challenge | Automation | UI Only" time="7.417">
    <failure type="java.lang.AssertionError">java.lang.AssertionError
</failure>
    <system-out><![CDATA[
Scenario: Login performance glitch user.                               # src/test/java/features/Test.feature:26
  Given I am on the main home page of saucedemo                        # steps_definitions.Login_performance_glitch_user.i_am_on_the_main_home_page_of_saucedemo()
  When I enter in the field UserName: "performance_glitch_user"        # steps_definitions.Login_performance_glitch_user.i_enter_in_the_field_user_name(java.lang.String)
  And I enter in the field PassWord: "secret_sauce"                    # steps_definitions.Login_performance_glitch_user.i_enter_in_the_field_pass_word(java.lang.String)
Total Page Load Time: 5106 milliseconds
Total Page Load Time: 5 seconds
  Then I click in the Login button and the page must load in 2 seconds # steps_definitions.Login_performance_glitch_user.i_click_in_the_login_button_and_the_page_must_load_in_2_seconds()
      java.lang.AssertionError
	at org.junit.Assert.fail(Assert.java:86)
	at org.junit.Assert.assertTrue(Assert.java:41)
	at org.junit.Assert.assertTrue(Assert.java:52)
	at steps_definitions.Login_performance_glitch_user.i_click_in_the_login_button_and_the_page_must_load_in_2_seconds(Login_performance_glitch_user.java:49)
	at ✽.I click in the Login button and the page must load in 2 seconds(file:///C:/Users/ACER/Desktop/proyect%20VisualStudio/Web_Saucedemo/src/test/java/features/Test.feature:30)

  And I enter in the Homepage rightly                                  # steps_definitions.Login_performance_glitch_user.i_enter_in_the_homepage_rightly()

    Embedding Screenshot [image/png 679824 bytes]

]]></system-out>
    <system-err><![CDATA[Starting ChromeDriver 106.0.5249.61 (511755355844955cd3e264779baf0dd38212a4d0-refs/branch-heads/5249@{#569}) on port 49982
Only local connections are allowed.
Please see https://chromedriver.chromium.org/security-considerations for suggestions on keeping ChromeDriver safe.
ChromeDriver was started successfully.
oct. 05, 2022 6:50:36 P. M. org.openqa.selenium.remote.ProtocolHandshake createSession
INFO: Detected upstream dialect: W3C
oct. 05, 2022 6:50:36 P. M. org.openqa.selenium.devtools.CdpVersionFinder findNearestMatch
WARNING: Unable to find an exact match for CDP version 106, so returning the closest version found: 102
oct. 05, 2022 6:50:36 P. M. org.openqa.selenium.devtools.CdpVersionFinder findNearestMatch
INFO: Found CDP implementation for version 106 of 102
]]></system-err>
  </testcase>
  <testcase name="Login problem user." classname="Challenge | Automation | UI Only" time="2.211">
    <failure message="expected:&lt;false&gt; but was:&lt;true&gt;" type="java.lang.AssertionError"><![CDATA[java.lang.AssertionError: expected:<false> but was:<true>
]]></failure>
    <system-out><![CDATA[
Scenario: Login problem user.                                                              # src/test/java/features/Test.feature:33
  Given I am on the principal home page of saucedemo                                       # steps_definitions.Login_problem_user.i_am_on_the_principal_home_page_of_saucedemo()
  When I put UserName: "problem_user"                                                      # steps_definitions.Login_problem_user.i_put_user_name(java.lang.String)
  And I put PassWord: "secret_sauce"                                                       # steps_definitions.Login_problem_user.i_put_pass_word(java.lang.String)
  Then I click Login button                                                                # steps_definitions.Login_problem_user.i_click_login_button()
  And I enter in the Homepage properly                                                     # steps_definitions.Login_problem_user.i_enter_in_the_homepage_properly()
  And I validate that it is a functional page at first sight and have no repeated elements # steps_definitions.Login_problem_user.i_validate_that_it_is_a_functional_page_at_first_sight_and_have_no_repeated_elements()
      java.lang.AssertionError: expected:<false> but was:<true>
	at org.junit.Assert.fail(Assert.java:88)
	at org.junit.Assert.failNotEquals(Assert.java:743)
	at org.junit.Assert.assertEquals(Assert.java:118)
	at org.junit.Assert.assertEquals(Assert.java:144)
	at steps_definitions.Login_problem_user.i_validate_that_it_is_a_functional_page_at_first_sight_and_have_no_repeated_elements(Login_problem_user.java:74)
	at ✽.I validate that it is a functional page at first sight and have no repeated elements(file:///C:/Users/ACER/Desktop/proyect%20VisualStudio/Web_Saucedemo/src/test/java/features/Test.feature:39)


    Embedding Screenshot [image/png 132868 bytes]

]]></system-out>
    <system-err><![CDATA[Starting ChromeDriver 106.0.5249.61 (511755355844955cd3e264779baf0dd38212a4d0-refs/branch-heads/5249@{#569}) on port 56073
Only local connections are allowed.
Please see https://chromedriver.chromium.org/security-considerations for suggestions on keeping ChromeDriver safe.
ChromeDriver was started successfully.
oct. 05, 2022 6:50:43 P. M. org.openqa.selenium.remote.ProtocolHandshake createSession
INFO: Detected upstream dialect: W3C
oct. 05, 2022 6:50:43 P. M. org.openqa.selenium.devtools.CdpVersionFinder findNearestMatch
WARNING: Unable to find an exact match for CDP version 106, so returning the closest version found: 102
oct. 05, 2022 6:50:43 P. M. org.openqa.selenium.devtools.CdpVersionFinder findNearestMatch
INFO: Found CDP implementation for version 106 of 102
]]></system-err>
  </testcase>
</testsuite>